This file contains any messages produced by compilers while
running configure, to aid debugging if configure makes a mistake.

It was created by sqlite configure 3.8.4.3, which was
generated by GNU Autoconf 2.69.  Invocation command line was

  $ ./configure 

## --------- ##
## Platform. ##
## --------- ##

hostname = PG-UT2995C
uname -m = i686
uname -r = 1.0.17(0.48/3/2)
uname -s = MINGW32_NT-6.1
uname -v = 2011-04-24 23:39

/usr/bin/uname -p = unknown
/bin/uname -X     = unknown

/bin/arch              = unknown
/usr/bin/arch -k       = unknown
/usr/convex/getsysinfo = unknown
/usr/bin/hostinfo      = unknown
/bin/machine           = unknown
/usr/bin/oslevel       = unknown
/bin/universe          = unknown

PATH: .
PATH: /usr/local/bin
PATH: /mingw/bin
PATH: /bin
PATH: /c/Windows/system32
PATH: /c/Windows
PATH: /c/Windows/System32/Wbem
PATH: /c/Windows/System32/WindowsPowerShell/v1.0/
PATH: /c/Program Files/7-Zip
PATH: /c/Program Files (x86)/QuickTime/QTSystem/
PATH: /c/Program Files/Microsoft/Web Platform Installer/
PATH: /c/Program Files/Microsoft SQL Server/110/Tools/Binn/
PATH: /c/RailsFTW200403/bin


## ----------- ##
## Core tests. ##
## ----------- ##

configure:2212: checking for a BSD-compatible install
configure:2280: result: /bin/install -c
configure:2291: checking whether build environment is sane
configure:2341: result: yes
configure:2482: checking for a thread-safe mkdir -p
configure:2521: result: /bin/mkdir -p
configure:2534: checking for gawk
configure:2550: found /bin/gawk
configure:2561: result: gawk
configure:2572: checking whether make sets $(MAKE)
configure:2594: result: yes
configure:2687: checking for style of include used by make
configure:2715: result: GNU
configure:2786: checking for gcc
configure:2802: found /mingw/bin/gcc
configure:2813: result: gcc
configure:3042: checking for C compiler version
configure:3051: gcc --version >&5
gcc.exe (rubenvb-4.7.2-release) 4.7.2
Copyright (C) 2012 Free Software Foundation, Inc.
This is free software; see the source for copying conditions.  There is NO
warranty; not even for MERCHANTABILITY or FITNESS FOR A PARTICULAR PURPOSE.

configure:3062: $? = 0
configure:3051: gcc -v >&5
Using built-in specs.
COLLECT_GCC=D:\exercise\number_backup\sqlite_autoconf\mingw\bin\gcc.exe
COLLECT_LTO_WRAPPER=d:/exercise/number_backup/sqlite_autoconf/mingw/bin/../libexec/gcc/x86_64-w64-mingw32/4.7.2/lto-wrapper.exe
Target: x86_64-w64-mingw32
Configured with: /home/ruben/mingw-w64/src/gcc/configure --host=x86_64-w64-mingw32 --build=x86_64-linux-gnu --target=x86_64-w64-mingw32 --with-sysroot=/home/ruben/mingw-w64/mingw64mingw64/mingw64 --prefix=/home/ruben/mingw-w64/mingw64mingw64/mingw64 --with-gmp=/home/ruben/mingw-w64/prereq/x86_64-w64-mingw32/install --with-mpfr=/home/ruben/mingw-w64/prereq/x86_64-w64-mingw32/install --with-mpc=/home/ruben/mingw-w64/prereq/x86_64-w64-mingw32/install --with-ppl=/home/ruben/mingw-w64/prereq/x86_64-w64-mingw32/install --with-cloog=/home/ruben/mingw-w64/prereq/x86_64-w64-mingw32/install --disable-ppl-version-check --disable-cloog-version-check --enable-cloog-backend=isl --with-host-libstdcxx='-static -lstdc++ -lm' --enable-shared --enable-static --enable-threads=win32 --enable-plugins --disable-multilib --enable-languages=c,lto,c++,objc,obj-c++,fortran,java --enable-libgomp --enable-fully-dynamic-string --enable-libstdcxx-time --disable-nls --disable-werror --enable-checking=release --with-gnu-as --with-gnu-ld --disable-win32-registry --disable-rpath --disable-werror --with-libiconv-prefix=/home/ruben/mingw-w64/prereq/x86_64-w64-mingw32/install --with-pkgversion=rubenvb-4.7.2-release --with-bugurl=mingw-w64-public@lists.sourceforge.net CC= CFLAGS='-O2 -march=nocona -mtune=core2 -fomit-frame-pointer -momit-leaf-frame-pointer' LDFLAGS=
Thread model: win32
gcc version 4.7.2 (rubenvb-4.7.2-release) 
configure:3062: $? = 0
configure:3051: gcc -V >&5
gcc.exe: error: unrecognized command line option '-V'
gcc.exe: fatal error: no input files
compilation terminated.
configure:3062: $? = 1
configure:3051: gcc -qversion >&5
gcc.exe: error: unrecognized command line option '-qversion'
gcc.exe: fatal error: no input files
compilation terminated.
configure:3062: $? = 1
configure:3082: checking whether the C compiler works
configure:3104: gcc    conftest.c  >&5
configure:3108: $? = 0
configure:3156: result: yes
configure:3159: checking for C compiler default output file name
configure:3161: result: a.exe
configure:3167: checking for suffix of executables
configure:3174: gcc -o conftest.exe    conftest.c  >&5
configure:3178: $? = 0
configure:3200: result: .exe
configure:3222: checking whether we are cross compiling
configure:3230: gcc -o conftest.exe    conftest.c  >&5
configure:3234: $? = 0
configure:3241: ./conftest.exe
configure:3245: $? = 0
configure:3260: result: no
configure:3265: checking for suffix of object files
configure:3287: gcc -c   conftest.c >&5
configure:3291: $? = 0
configure:3312: result: o
configure:3316: checking whether we are using the GNU C compiler
configure:3335: gcc -c   conftest.c >&5
configure:3335: $? = 0
configure:3344: result: yes
configure:3353: checking whether gcc accepts -g
configure:3373: gcc -c -g  conftest.c >&5
configure:3373: $? = 0
configure:3414: result: yes
configure:3431: checking for gcc option to accept ISO C89
configure:3494: gcc  -c -g -O2  conftest.c >&5
configure:3494: $? = 0
configure:3507: result: none needed
configure:3529: checking dependency style of gcc
configure:3640: result: gcc3
configure:3663: checking for special C compiler options needed for large files
configure:3708: result: no
configure:3714: checking for _FILE_OFFSET_BITS value needed for large files
configure:3739: gcc -c -g -O2  conftest.c >&5
conftest.c:17:3: warning: left shift count >= width of type [enabled by default]
conftest.c:17:3: warning: left shift count >= width of type [enabled by default]
conftest.c:18:10: warning: left shift count >= width of type [enabled by default]
conftest.c:18:10: warning: left shift count >= width of type [enabled by default]
conftest.c:17:7: error: size of array 'off_t_is_large' is negative
conftest.c:19:9: warning: variably modified 'off_t_is_large' at file scope [enabled by default]
configure:3739: $? = 1
configure: failed program was:
| /* confdefs.h */
| #define PACKAGE_NAME "sqlite"
| #define PACKAGE_TARNAME "sqlite"
| #define PACKAGE_VERSION "3.8.4.3"
| #define PACKAGE_STRING "sqlite 3.8.4.3"
| #define PACKAGE_BUGREPORT "http://www.sqlite.org"
| #define PACKAGE_URL ""
| #define PACKAGE "sqlite"
| #define VERSION "3.8.4.3"
| /* end confdefs.h.  */
| #include <sys/types.h>
|  /* Check that off_t can represent 2**63 - 1 correctly.
|     We can't simply define LARGE_OFF_T to be 9223372036854775807,
|     since some C++ compilers masquerading as C compilers
|     incorrectly reject 9223372036854775807.  */
| #define LARGE_OFF_T (((off_t) 1 << 62) - 1 + ((off_t) 1 << 62))
|   int off_t_is_large[(LARGE_OFF_T % 2147483629 == 721
| 		       && LARGE_OFF_T % 2147483647 == 1)
| 		      ? 1 : -1];
| int
| main ()
| {
| 
|   ;
|   return 0;
| }
configure:3763: gcc -c -g -O2  conftest.c >&5
configure:3763: $? = 0
configure:3771: result: 64
configure:3906: checking for gcc
configure:3933: result: gcc
configure:4162: checking for C compiler version
configure:4171: gcc --version >&5
gcc.exe (rubenvb-4.7.2-release) 4.7.2
Copyright (C) 2012 Free Software Foundation, Inc.
This is free software; see the source for copying conditions.  There is NO
warranty; not even for MERCHANTABILITY or FITNESS FOR A PARTICULAR PURPOSE.

configure:4182: $? = 0
configure:4171: gcc -v >&5
Using built-in specs.
COLLECT_GCC=D:\exercise\number_backup\sqlite_autoconf\mingw\bin\gcc.exe
COLLECT_LTO_WRAPPER=d:/exercise/number_backup/sqlite_autoconf/mingw/bin/../libexec/gcc/x86_64-w64-mingw32/4.7.2/lto-wrapper.exe
Target: x86_64-w64-mingw32
Configured with: /home/ruben/mingw-w64/src/gcc/configure --host=x86_64-w64-mingw32 --build=x86_64-linux-gnu --target=x86_64-w64-mingw32 --with-sysroot=/home/ruben/mingw-w64/mingw64mingw64/mingw64 --prefix=/home/ruben/mingw-w64/mingw64mingw64/mingw64 --with-gmp=/home/ruben/mingw-w64/prereq/x86_64-w64-mingw32/install --with-mpfr=/home/ruben/mingw-w64/prereq/x86_64-w64-mingw32/install --with-mpc=/home/ruben/mingw-w64/prereq/x86_64-w64-mingw32/install --with-ppl=/home/ruben/mingw-w64/prereq/x86_64-w64-mingw32/install --with-cloog=/home/ruben/mingw-w64/prereq/x86_64-w64-mingw32/install --disable-ppl-version-check --disable-cloog-version-check --enable-cloog-backend=isl --with-host-libstdcxx='-static -lstdc++ -lm' --enable-shared --enable-static --enable-threads=win32 --enable-plugins --disable-multilib --enable-languages=c,lto,c++,objc,obj-c++,fortran,java --enable-libgomp --enable-fully-dynamic-string --enable-libstdcxx-time --disable-nls --disable-werror --enable-checking=release --with-gnu-as --with-gnu-ld --disable-win32-registry --disable-rpath --disable-werror --with-libiconv-prefix=/home/ruben/mingw-w64/prereq/x86_64-w64-mingw32/install --with-pkgversion=rubenvb-4.7.2-release --with-bugurl=mingw-w64-public@lists.sourceforge.net CC= CFLAGS='-O2 -march=nocona -mtune=core2 -fomit-frame-pointer -momit-leaf-frame-pointer' LDFLAGS=
Thread model: win32
gcc version 4.7.2 (rubenvb-4.7.2-release) 
configure:4182: $? = 0
configure:4171: gcc -V >&5
gcc.exe: error: unrecognized command line option '-V'
gcc.exe: fatal error: no input files
compilation terminated.
configure:4182: $? = 1
configure:4171: gcc -qversion >&5
gcc.exe: error: unrecognized command line option '-qversion'
gcc.exe: fatal error: no input files
compilation terminated.
configure:4182: $? = 1
configure:4186: checking whether we are using the GNU C compiler
configure:4214: result: yes
configure:4223: checking whether gcc accepts -g
configure:4284: result: yes
configure:4301: checking for gcc option to accept ISO C89
configure:4377: result: none needed
configure:4399: checking dependency style of gcc
configure:4510: result: gcc3
configure:4568: checking for ranlib
configure:4584: found /mingw/bin/ranlib
configure:4595: result: ranlib
configure:4646: checking build system type
configure:4660: result: i686-pc-mingw32
configure:4680: checking host system type
configure:4693: result: i686-pc-mingw32
configure:4734: checking how to print strings
configure:4761: result: printf
configure:4782: checking for a sed that does not truncate output
configure:4846: result: /bin/sed
configure:4864: checking for grep that handles long lines and -e
configure:4922: result: /bin/grep
configure:4927: checking for egrep
configure:4989: result: /bin/grep -E
configure:4994: checking for fgrep
configure:5056: result: /bin/grep -F
configure:5091: checking for ld used by gcc
configure:5158: result: d:/exercise/number_backup/sqlite_autoconf/mingw/x86_64-w64-mingw32/bin/ld.exe
configure:5165: checking if the linker (d:/exercise/number_backup/sqlite_autoconf/mingw/x86_64-w64-mingw32/bin/ld.exe) is GNU ld
configure:5180: result: yes
configure:5192: checking for BSD- or MS-compatible name lister (nm)
configure:5241: result: /mingw/bin/nm
configure:5371: checking the name lister (/mingw/bin/nm) interface
configure:5378: gcc -c -g -O2  conftest.c >&5
configure:5381: /mingw/bin/nm "conftest.o"
configure:5384: output
0000000000000000 b .bss
0000000000000000 d .data
0000000000000000 N .debug_abbrev
0000000000000000 N .debug_aranges
0000000000000000 N .debug_info
0000000000000000 N .debug_line
0000000000000000 t .text
0000000000000000 B some_variable
configure:5391: result: BSD nm
configure:5394: checking whether ln -s works
configure:5401: result: no, using cp -pR
configure:5406: checking the maximum length of command line arguments
configure:5536: result: 8192
configure:5553: checking whether the shell understands some XSI constructs
configure:5563: result: yes
configure:5567: checking whether the shell understands "+="
configure:5573: result: yes
configure:5608: checking how to convert i686-pc-mingw32 file names to i686-pc-mingw32 format
configure:5648: result: func_convert_file_msys_to_w32
configure:5655: checking how to convert i686-pc-mingw32 file names to toolchain format
configure:5675: result: func_convert_file_msys_to_w32
configure:5682: checking for d:/exercise/number_backup/sqlite_autoconf/mingw/x86_64-w64-mingw32/bin/ld.exe option to reload object files
configure:5689: result: -r
configure:5763: checking for objdump
configure:5779: found /mingw/bin/objdump
configure:5790: result: objdump
configure:5822: checking how to recognize dependent libraries
configure:6024: result: file_magic ^x86 archive import|^x86 DLL
configure:6109: checking for dlltool
configure:6125: found /mingw/bin/dlltool
configure:6136: result: dlltool
configure:6169: checking how to associate runtime and link libraries
configure:6196: result: func_cygming_dll_for_implib
configure:6256: checking for ar
configure:6272: found /mingw/bin/ar
configure:6283: result: ar
configure:6320: checking for archiver @FILE support
configure:6337: gcc -c -g -O2  conftest.c >&5
configure:6337: $? = 0
configure:6340: ar cru libconftest.a @conftest.lst >&5
configure:6343: $? = 0
configure:6348: ar cru libconftest.a @conftest.lst >&5
D:\exercise\number_backup\sqlite_autoconf\mingw\bin\ar.exe: conftest.o: No such file or directory
configure:6351: $? = 1
configure:6363: result: @
configure:6421: checking for strip
configure:6437: found /mingw/bin/strip
configure:6448: result: strip
configure:6520: checking for ranlib
configure:6547: result: ranlib
configure:6649: checking command to parse /mingw/bin/nm output from gcc object
configure:6769: gcc -c -g -O2  conftest.c >&5
configure:6772: $? = 0
configure:6776: /mingw/bin/nm conftest.o \| sed -n -e 's/^.*[ ]\([ABCDGIRSTW][ABCDGIRSTW]*\)[ ][ ]*\([_A-Za-z][_A-Za-z0-9]*\)\{0,1\}$/\1 \2 \2/p' | sed '/ __gnu_lto/d' \> conftest.nm
configure:6779: $? = 0
configure:6845: gcc -o conftest.exe -g -O2   conftest.c conftstm.o >&5
configure:6848: $? = 0
configure:6886: result: ok
configure:6923: checking for sysroot
configure:6953: result: no
configure:7209: checking for mt
configure:7239: result: no
configure:7259: checking if : is a manifest tool
configure:7265: : '-?'
configure:7273: result: no
configure:7915: checking how to run the C preprocessor
configure:7946: gcc -E  conftest.c
configure:7946: $? = 0
configure:7960: gcc -E  conftest.c
conftest.c:12:28: fatal error: ac_nonexistent.h: No such file or directory
compilation terminated.
configure:7960: $? = 1
configure: failed program was:
| /* confdefs.h */
| #define PACKAGE_NAME "sqlite"
| #define PACKAGE_TARNAME "sqlite"
| #define PACKAGE_VERSION "3.8.4.3"
| #define PACKAGE_STRING "sqlite 3.8.4.3"
| #define PACKAGE_BUGREPORT "http://www.sqlite.org"
| #define PACKAGE_URL ""
| #define PACKAGE "sqlite"
| #define VERSION "3.8.4.3"
| #define _FILE_OFFSET_BITS 64
| /* end confdefs.h.  */
| #include <ac_nonexistent.h>
configure:7985: result: gcc -E
configure:8005: gcc -E  conftest.c
configure:8005: $? = 0
configure:8019: gcc -E  conftest.c
conftest.c:12:28: fatal error: ac_nonexistent.h: No such file or directory
compilation terminated.
configure:8019: $? = 1
configure: failed program was:
| /* confdefs.h */
| #define PACKAGE_NAME "sqlite"
| #define PACKAGE_TARNAME "sqlite"
| #define PACKAGE_VERSION "3.8.4.3"
| #define PACKAGE_STRING "sqlite 3.8.4.3"
| #define PACKAGE_BUGREPORT "http://www.sqlite.org"
| #define PACKAGE_URL ""
| #define PACKAGE "sqlite"
| #define VERSION "3.8.4.3"
| #define _FILE_OFFSET_BITS 64
| /* end confdefs.h.  */
| #include <ac_nonexistent.h>
configure:8048: checking for ANSI C header files
configure:8068: gcc -c -g -O2  conftest.c >&5
configure:8068: $? = 0
configure:8141: gcc -o conftest.exe -g -O2   conftest.c  >&5
configure:8141: $? = 0
configure:8141: ./conftest.exe
configure:8141: $? = 0
configure:8152: result: yes
configure:8165: checking for sys/types.h
configure:8165: gcc -c -g -O2  conftest.c >&5
configure:8165: $? = 0
configure:8165: result: yes
configure:8165: checking for sys/stat.h
configure:8165: gcc -c -g -O2  conftest.c >&5
configure:8165: $? = 0
configure:8165: result: yes
configure:8165: checking for stdlib.h
configure:8165: gcc -c -g -O2  conftest.c >&5
configure:8165: $? = 0
configure:8165: result: yes
configure:8165: checking for string.h
configure:8165: gcc -c -g -O2  conftest.c >&5
configure:8165: $? = 0
configure:8165: result: yes
configure:8165: checking for memory.h
configure:8165: gcc -c -g -O2  conftest.c >&5
configure:8165: $? = 0
configure:8165: result: yes
configure:8165: checking for strings.h
configure:8165: gcc -c -g -O2  conftest.c >&5
configure:8165: $? = 0
configure:8165: result: yes
configure:8165: checking for inttypes.h
configure:8165: gcc -c -g -O2  conftest.c >&5
configure:8165: $? = 0
configure:8165: result: yes
configure:8165: checking for stdint.h
configure:8165: gcc -c -g -O2  conftest.c >&5
configure:8165: $? = 0
configure:8165: result: yes
configure:8165: checking for unistd.h
configure:8165: gcc -c -g -O2  conftest.c >&5
configure:8165: $? = 0
configure:8165: result: yes
configure:8179: checking for dlfcn.h
configure:8179: gcc -c -g -O2  conftest.c >&5
conftest.c:56:19: fatal error: dlfcn.h: No such file or directory
compilation terminated.
configure:8179: $? = 1
configure: failed program was:
| /* confdefs.h */
| #define PACKAGE_NAME "sqlite"
| #define PACKAGE_TARNAME "sqlite"
| #define PACKAGE_VERSION "3.8.4.3"
| #define PACKAGE_STRING "sqlite 3.8.4.3"
| #define PACKAGE_BUGREPORT "http://www.sqlite.org"
| #define PACKAGE_URL ""
| #define PACKAGE "sqlite"
| #define VERSION "3.8.4.3"
| #define _FILE_OFFSET_BITS 64
| #define STDC_HEADERS 1
| #define HAVE_SYS_TYPES_H 1
| #define HAVE_SYS_STAT_H 1
| #define HAVE_STDLIB_H 1
| #define HAVE_STRING_H 1
| #define HAVE_MEMORY_H 1
| #define HAVE_STRINGS_H 1
| #define HAVE_INTTYPES_H 1
| #define HAVE_STDINT_H 1
| #define HAVE_UNISTD_H 1
| /* end confdefs.h.  */
| #include <stdio.h>
| #ifdef HAVE_SYS_TYPES_H
| # include <sys/types.h>
| #endif
| #ifdef HAVE_SYS_STAT_H
| # include <sys/stat.h>
| #endif
| #ifdef STDC_HEADERS
| # include <stdlib.h>
| # include <stddef.h>
| #else
| # ifdef HAVE_STDLIB_H
| #  include <stdlib.h>
| # endif
| #endif
| #ifdef HAVE_STRING_H
| # if !defined STDC_HEADERS && defined HAVE_MEMORY_H
| #  include <memory.h>
| # endif
| # include <string.h>
| #endif
| #ifdef HAVE_STRINGS_H
| # include <strings.h>
| #endif
| #ifdef HAVE_INTTYPES_H
| # include <inttypes.h>
| #endif
| #ifdef HAVE_STDINT_H
| # include <stdint.h>
| #endif
| #ifdef HAVE_UNISTD_H
| # include <unistd.h>
| #endif
| 
| #include <dlfcn.h>
configure:8179: result: no
configure:8385: checking for objdir
configure:8400: result: .libs
configure:8667: checking if gcc supports -fno-rtti -fno-exceptions
configure:8685: gcc -c -g -O2  -fno-rtti -fno-exceptions conftest.c >&5
cc1.exe: warning: command line option '-fno-rtti' is valid for C++/ObjC++ but not for C [enabled by default]
configure:8689: $? = 0
configure:8702: result: no
configure:9029: checking for gcc option to produce PIC
configure:9036: result: -DDLL_EXPORT -DPIC
configure:9044: checking if gcc PIC flag -DDLL_EXPORT -DPIC works
configure:9062: gcc -c -g -O2  -DDLL_EXPORT -DPIC -DPIC conftest.c >&5
configure:9066: $? = 0
configure:9079: result: yes
configure:9108: checking if gcc static flag -static works
configure:9136: result: yes
configure:9151: checking if gcc supports -c -o file.o
configure:9172: gcc -c -g -O2  -o out/conftest2.o conftest.c >&5
configure:9176: $? = 0
configure:9198: result: yes
configure:9206: checking if gcc supports -c -o file.o
configure:9253: result: yes
configure:9286: checking whether the gcc linker (d:/exercise/number_backup/sqlite_autoconf/mingw/x86_64-w64-mingw32/bin/ld.exe) supports shared libraries
configure:10439: result: yes
configure:10476: checking whether -lc should be explicitly linked in
configure:10484: gcc -c -g -O2  conftest.c >&5
configure:10487: $? = 0
configure:10502: gcc -shared conftest.o  -v -o ./conftest -Wl,--enable-auto-image-base -Xlinker --out-implib -Xlinker conftest 2\>\&1 \| /bin/grep  -lc  \>/dev/null 2\>\&1
configure:10505: $? = 1
configure:10519: result: yes
configure:10679: checking dynamic linker characteristics
configure:11412: result: Win32 ld.exe
configure:11519: checking how to hardcode library paths into programs
configure:11544: result: immediate
configure:12084: checking whether stripping libraries is possible
configure:12089: result: yes
configure:12124: checking if libtool supports shared libraries
configure:12126: result: yes
configure:12129: checking whether to build shared libraries
configure:12150: result: yes
configure:12153: checking whether to build static libraries
configure:12157: result: yes
configure:12200: checking for fdatasync
configure:12200: gcc -o conftest.exe -g -O2   conftest.c  >&5
C:\Users\JN81PG2\AppData\Local\Temp\ccE4mAYz.o: In function `main':
d:\exercise\number_backup\sqlite_autoconf/conftest.c:57: undefined reference to `fdatasync'
collect2.exe: error: ld returned 1 exit status
configure:12200: $? = 1
configure: failed program was:
| /* confdefs.h */
| #define PACKAGE_NAME "sqlite"
| #define PACKAGE_TARNAME "sqlite"
| #define PACKAGE_VERSION "3.8.4.3"
| #define PACKAGE_STRING "sqlite 3.8.4.3"
| #define PACKAGE_BUGREPORT "http://www.sqlite.org"
| #define PACKAGE_URL ""
| #define PACKAGE "sqlite"
| #define VERSION "3.8.4.3"
| #define _FILE_OFFSET_BITS 64
| #define STDC_HEADERS 1
| #define HAVE_SYS_TYPES_H 1
| #define HAVE_SYS_STAT_H 1
| #define HAVE_STDLIB_H 1
| #define HAVE_STRING_H 1
| #define HAVE_MEMORY_H 1
| #define HAVE_STRINGS_H 1
| #define HAVE_INTTYPES_H 1
| #define HAVE_STDINT_H 1
| #define HAVE_UNISTD_H 1
| #define LT_OBJDIR ".libs/"
| /* end confdefs.h.  */
| /* Define fdatasync to an innocuous variant, in case <limits.h> declares fdatasync.
|    For example, HP-UX 11i <limits.h> declares gettimeofday.  */
| #define fdatasync innocuous_fdatasync
| 
| /* System header to define __stub macros and hopefully few prototypes,
|     which can conflict with char fdatasync (); below.
|     Prefer <limits.h> to <assert.h> if __STDC__ is defined, since
|     <limits.h> exists even on freestanding compilers.  */
| 
| #ifdef __STDC__
| # include <limits.h>
| #else
| # include <assert.h>
| #endif
| 
| #undef fdatasync
| 
| /* Override any GCC internal prototype to avoid an error.
|    Use char because int might match the return type of a GCC
|    builtin and then its argument prototype would still apply.  */
| #ifdef __cplusplus
| extern "C"
| #endif
| char fdatasync ();
| /* The GNU C library defines this for functions which it implements
|     to always fail with ENOSYS.  Some functions are actually named
|     something starting with __ and the normal name is an alias.  */
| #if defined __stub_fdatasync || defined __stub___fdatasync
| choke me
| #endif
| 
| int
| main ()
| {
| return fdatasync ();
|   ;
|   return 0;
| }
configure:12200: result: no
configure:12200: checking for usleep
configure:12200: gcc -o conftest.exe -g -O2   conftest.c  >&5
configure:12200: $? = 0
configure:12200: result: yes
configure:12200: checking for fullfsync
configure:12200: gcc -o conftest.exe -g -O2   conftest.c  >&5
C:\Users\JN81PG2\AppData\Local\Temp\ccblz3Hm.o: In function `main':
d:\exercise\number_backup\sqlite_autoconf/conftest.c:58: undefined reference to `fullfsync'
collect2.exe: error: ld returned 1 exit status
configure:12200: $? = 1
configure: failed program was:
| /* confdefs.h */
| #define PACKAGE_NAME "sqlite"
| #define PACKAGE_TARNAME "sqlite"
| #define PACKAGE_VERSION "3.8.4.3"
| #define PACKAGE_STRING "sqlite 3.8.4.3"
| #define PACKAGE_BUGREPORT "http://www.sqlite.org"
| #define PACKAGE_URL ""
| #define PACKAGE "sqlite"
| #define VERSION "3.8.4.3"
| #define _FILE_OFFSET_BITS 64
| #define STDC_HEADERS 1
| #define HAVE_SYS_TYPES_H 1
| #define HAVE_SYS_STAT_H 1
| #define HAVE_STDLIB_H 1
| #define HAVE_STRING_H 1
| #define HAVE_MEMORY_H 1
| #define HAVE_STRINGS_H 1
| #define HAVE_INTTYPES_H 1
| #define HAVE_STDINT_H 1
| #define HAVE_UNISTD_H 1
| #define LT_OBJDIR ".libs/"
| #define HAVE_USLEEP 1
| /* end confdefs.h.  */
| /* Define fullfsync to an innocuous variant, in case <limits.h> declares fullfsync.
|    For example, HP-UX 11i <limits.h> declares gettimeofday.  */
| #define fullfsync innocuous_fullfsync
| 
| /* System header to define __stub macros and hopefully few prototypes,
|     which can conflict with char fullfsync (); below.
|     Prefer <limits.h> to <assert.h> if __STDC__ is defined, since
|     <limits.h> exists even on freestanding compilers.  */
| 
| #ifdef __STDC__
| # include <limits.h>
| #else
| # include <assert.h>
| #endif
| 
| #undef fullfsync
| 
| /* Override any GCC internal prototype to avoid an error.
|    Use char because int might match the return type of a GCC
|    builtin and then its argument prototype would still apply.  */
| #ifdef __cplusplus
| extern "C"
| #endif
| char fullfsync ();
| /* The GNU C library defines this for functions which it implements
|     to always fail with ENOSYS.  Some functions are actually named
|     something starting with __ and the normal name is an alias.  */
| #if defined __stub_fullfsync || defined __stub___fullfsync
| choke me
| #endif
| 
| int
| main ()
| {
| return fullfsync ();
|   ;
|   return 0;
| }
configure:12200: result: no
configure:12200: checking for localtime_r
configure:12200: gcc -o conftest.exe -g -O2   conftest.c  >&5
C:\Users\JN81PG2\AppData\Local\Temp\cck5u1rU.o: In function `main':
d:\exercise\number_backup\sqlite_autoconf/conftest.c:58: undefined reference to `localtime_r'
collect2.exe: error: ld returned 1 exit status
configure:12200: $? = 1
configure: failed program was:
| /* confdefs.h */
| #define PACKAGE_NAME "sqlite"
| #define PACKAGE_TARNAME "sqlite"
| #define PACKAGE_VERSION "3.8.4.3"
| #define PACKAGE_STRING "sqlite 3.8.4.3"
| #define PACKAGE_BUGREPORT "http://www.sqlite.org"
| #define PACKAGE_URL ""
| #define PACKAGE "sqlite"
| #define VERSION "3.8.4.3"
| #define _FILE_OFFSET_BITS 64
| #define STDC_HEADERS 1
| #define HAVE_SYS_TYPES_H 1
| #define HAVE_SYS_STAT_H 1
| #define HAVE_STDLIB_H 1
| #define HAVE_STRING_H 1
| #define HAVE_MEMORY_H 1
| #define HAVE_STRINGS_H 1
| #define HAVE_INTTYPES_H 1
| #define HAVE_STDINT_H 1
| #define HAVE_UNISTD_H 1
| #define LT_OBJDIR ".libs/"
| #define HAVE_USLEEP 1
| /* end confdefs.h.  */
| /* Define localtime_r to an innocuous variant, in case <limits.h> declares localtime_r.
|    For example, HP-UX 11i <limits.h> declares gettimeofday.  */
| #define localtime_r innocuous_localtime_r
| 
| /* System header to define __stub macros and hopefully few prototypes,
|     which can conflict with char localtime_r (); below.
|     Prefer <limits.h> to <assert.h> if __STDC__ is defined, since
|     <limits.h> exists even on freestanding compilers.  */
| 
| #ifdef __STDC__
| # include <limits.h>
| #else
| # include <assert.h>
| #endif
| 
| #undef localtime_r
| 
| /* Override any GCC internal prototype to avoid an error.
|    Use char because int might match the return type of a GCC
|    builtin and then its argument prototype would still apply.  */
| #ifdef __cplusplus
| extern "C"
| #endif
| char localtime_r ();
| /* The GNU C library defines this for functions which it implements
|     to always fail with ENOSYS.  Some functions are actually named
|     something starting with __ and the normal name is an alias.  */
| #if defined __stub_localtime_r || defined __stub___localtime_r
| choke me
| #endif
| 
| int
| main ()
| {
| return localtime_r ();
|   ;
|   return 0;
| }
configure:12200: result: no
configure:12200: checking for gmtime_r
configure:12200: gcc -o conftest.exe -g -O2   conftest.c  >&5
C:\Users\JN81PG2\AppData\Local\Temp\ccQB1KaK.o: In function `main':
d:\exercise\number_backup\sqlite_autoconf/conftest.c:58: undefined reference to `gmtime_r'
collect2.exe: error: ld returned 1 exit status
configure:12200: $? = 1
configure: failed program was:
| /* confdefs.h */
| #define PACKAGE_NAME "sqlite"
| #define PACKAGE_TARNAME "sqlite"
| #define PACKAGE_VERSION "3.8.4.3"
| #define PACKAGE_STRING "sqlite 3.8.4.3"
| #define PACKAGE_BUGREPORT "http://www.sqlite.org"
| #define PACKAGE_URL ""
| #define PACKAGE "sqlite"
| #define VERSION "3.8.4.3"
| #define _FILE_OFFSET_BITS 64
| #define STDC_HEADERS 1
| #define HAVE_SYS_TYPES_H 1
| #define HAVE_SYS_STAT_H 1
| #define HAVE_STDLIB_H 1
| #define HAVE_STRING_H 1
| #define HAVE_MEMORY_H 1
| #define HAVE_STRINGS_H 1
| #define HAVE_INTTYPES_H 1
| #define HAVE_STDINT_H 1
| #define HAVE_UNISTD_H 1
| #define LT_OBJDIR ".libs/"
| #define HAVE_USLEEP 1
| /* end confdefs.h.  */
| /* Define gmtime_r to an innocuous variant, in case <limits.h> declares gmtime_r.
|    For example, HP-UX 11i <limits.h> declares gettimeofday.  */
| #define gmtime_r innocuous_gmtime_r
| 
| /* System header to define __stub macros and hopefully few prototypes,
|     which can conflict with char gmtime_r (); below.
|     Prefer <limits.h> to <assert.h> if __STDC__ is defined, since
|     <limits.h> exists even on freestanding compilers.  */
| 
| #ifdef __STDC__
| # include <limits.h>
| #else
| # include <assert.h>
| #endif
| 
| #undef gmtime_r
| 
| /* Override any GCC internal prototype to avoid an error.
|    Use char because int might match the return type of a GCC
|    builtin and then its argument prototype would still apply.  */
| #ifdef __cplusplus
| extern "C"
| #endif
| char gmtime_r ();
| /* The GNU C library defines this for functions which it implements
|     to always fail with ENOSYS.  Some functions are actually named
|     something starting with __ and the normal name is an alias.  */
| #if defined __stub_gmtime_r || defined __stub___gmtime_r
| choke me
| #endif
| 
| int
| main ()
| {
| return gmtime_r ();
|   ;
|   return 0;
| }
configure:12200: result: no
configure:12209: checking whether strerror_r is declared
configure:12209: gcc -c -g -O2  conftest.c >&5
conftest.c: In function 'main':
conftest.c:64:10: error: 'strerror_r' undeclared (first use in this function)
conftest.c:64:10: note: each undeclared identifier is reported only once for each function it appears in
configure:12209: $? = 1
configure: failed program was:
| /* confdefs.h */
| #define PACKAGE_NAME "sqlite"
| #define PACKAGE_TARNAME "sqlite"
| #define PACKAGE_VERSION "3.8.4.3"
| #define PACKAGE_STRING "sqlite 3.8.4.3"
| #define PACKAGE_BUGREPORT "http://www.sqlite.org"
| #define PACKAGE_URL ""
| #define PACKAGE "sqlite"
| #define VERSION "3.8.4.3"
| #define _FILE_OFFSET_BITS 64
| #define STDC_HEADERS 1
| #define HAVE_SYS_TYPES_H 1
| #define HAVE_SYS_STAT_H 1
| #define HAVE_STDLIB_H 1
| #define HAVE_STRING_H 1
| #define HAVE_MEMORY_H 1
| #define HAVE_STRINGS_H 1
| #define HAVE_INTTYPES_H 1
| #define HAVE_STDINT_H 1
| #define HAVE_UNISTD_H 1
| #define LT_OBJDIR ".libs/"
| #define HAVE_USLEEP 1
| /* end confdefs.h.  */
| #include <stdio.h>
| #ifdef HAVE_SYS_TYPES_H
| # include <sys/types.h>
| #endif
| #ifdef HAVE_SYS_STAT_H
| # include <sys/stat.h>
| #endif
| #ifdef STDC_HEADERS
| # include <stdlib.h>
| # include <stddef.h>
| #else
| # ifdef HAVE_STDLIB_H
| #  include <stdlib.h>
| # endif
| #endif
| #ifdef HAVE_STRING_H
| # if !defined STDC_HEADERS && defined HAVE_MEMORY_H
| #  include <memory.h>
| # endif
| # include <string.h>
| #endif
| #ifdef HAVE_STRINGS_H
| # include <strings.h>
| #endif
| #ifdef HAVE_INTTYPES_H
| # include <inttypes.h>
| #endif
| #ifdef HAVE_STDINT_H
| # include <stdint.h>
| #endif
| #ifdef HAVE_UNISTD_H
| # include <unistd.h>
| #endif
| int
| main ()
| {
| #ifndef strerror_r
| #ifdef __cplusplus
|   (void) strerror_r;
| #else
|   (void) strerror_r;
| #endif
| #endif
| 
|   ;
|   return 0;
| }
configure:12209: result: no
configure:12222: checking for strerror_r
configure:12222: gcc -o conftest.exe -g -O2   conftest.c  >&5
C:\Users\JN81PG2\AppData\Local\Temp\ccksZypS.o: In function `main':
d:\exercise\number_backup\sqlite_autoconf/conftest.c:59: undefined reference to `strerror_r'
collect2.exe: error: ld returned 1 exit status
configure:12222: $? = 1
configure: failed program was:
| /* confdefs.h */
| #define PACKAGE_NAME "sqlite"
| #define PACKAGE_TARNAME "sqlite"
| #define PACKAGE_VERSION "3.8.4.3"
| #define PACKAGE_STRING "sqlite 3.8.4.3"
| #define PACKAGE_BUGREPORT "http://www.sqlite.org"
| #define PACKAGE_URL ""
| #define PACKAGE "sqlite"
| #define VERSION "3.8.4.3"
| #define _FILE_OFFSET_BITS 64
| #define STDC_HEADERS 1
| #define HAVE_SYS_TYPES_H 1
| #define HAVE_SYS_STAT_H 1
| #define HAVE_STDLIB_H 1
| #define HAVE_STRING_H 1
| #define HAVE_MEMORY_H 1
| #define HAVE_STRINGS_H 1
| #define HAVE_INTTYPES_H 1
| #define HAVE_STDINT_H 1
| #define HAVE_UNISTD_H 1
| #define LT_OBJDIR ".libs/"
| #define HAVE_USLEEP 1
| #define HAVE_DECL_STRERROR_R 0
| /* end confdefs.h.  */
| /* Define strerror_r to an innocuous variant, in case <limits.h> declares strerror_r.
|    For example, HP-UX 11i <limits.h> declares gettimeofday.  */
| #define strerror_r innocuous_strerror_r
| 
| /* System header to define __stub macros and hopefully few prototypes,
|     which can conflict with char strerror_r (); below.
|     Prefer <limits.h> to <assert.h> if __STDC__ is defined, since
|     <limits.h> exists even on freestanding compilers.  */
| 
| #ifdef __STDC__
| # include <limits.h>
| #else
| # include <assert.h>
| #endif
| 
| #undef strerror_r
| 
| /* Override any GCC internal prototype to avoid an error.
|    Use char because int might match the return type of a GCC
|    builtin and then its argument prototype would still apply.  */
| #ifdef __cplusplus
| extern "C"
| #endif
| char strerror_r ();
| /* The GNU C library defines this for functions which it implements
|     to always fail with ENOSYS.  Some functions are actually named
|     something starting with __ and the normal name is an alias.  */
| #if defined __stub_strerror_r || defined __stub___strerror_r
| choke me
| #endif
| 
| int
| main ()
| {
| return strerror_r ();
|   ;
|   return 0;
| }
configure:12222: result: no
configure:12231: checking whether strerror_r returns char *
configure:12283: gcc -o conftest.exe -g -O2   conftest.c  >&5
C:\Users\JN81PG2\AppData\Local\Temp\cccmOUlz.o: In function `main':
d:\exercise\number_backup\sqlite_autoconf/conftest.c:63: undefined reference to `strerror_r'
collect2.exe: error: ld returned 1 exit status
configure:12283: $? = 1
configure: program exited with status 1
configure: failed program was:
| /* confdefs.h */
| #define PACKAGE_NAME "sqlite"
| #define PACKAGE_TARNAME "sqlite"
| #define PACKAGE_VERSION "3.8.4.3"
| #define PACKAGE_STRING "sqlite 3.8.4.3"
| #define PACKAGE_BUGREPORT "http://www.sqlite.org"
| #define PACKAGE_URL ""
| #define PACKAGE "sqlite"
| #define VERSION "3.8.4.3"
| #define _FILE_OFFSET_BITS 64
| #define STDC_HEADERS 1
| #define HAVE_SYS_TYPES_H 1
| #define HAVE_SYS_STAT_H 1
| #define HAVE_STDLIB_H 1
| #define HAVE_STRING_H 1
| #define HAVE_MEMORY_H 1
| #define HAVE_STRINGS_H 1
| #define HAVE_INTTYPES_H 1
| #define HAVE_STDINT_H 1
| #define HAVE_UNISTD_H 1
| #define LT_OBJDIR ".libs/"
| #define HAVE_USLEEP 1
| #define HAVE_DECL_STRERROR_R 0
| /* end confdefs.h.  */
| #include <stdio.h>
| #ifdef HAVE_SYS_TYPES_H
| # include <sys/types.h>
| #endif
| #ifdef HAVE_SYS_STAT_H
| # include <sys/stat.h>
| #endif
| #ifdef STDC_HEADERS
| # include <stdlib.h>
| # include <stddef.h>
| #else
| # ifdef HAVE_STDLIB_H
| #  include <stdlib.h>
| # endif
| #endif
| #ifdef HAVE_STRING_H
| # if !defined STDC_HEADERS && defined HAVE_MEMORY_H
| #  include <memory.h>
| # endif
| # include <string.h>
| #endif
| #ifdef HAVE_STRINGS_H
| # include <strings.h>
| #endif
| #ifdef HAVE_INTTYPES_H
| # include <inttypes.h>
| #endif
| #ifdef HAVE_STDINT_H
| # include <stdint.h>
| #endif
| #ifdef HAVE_UNISTD_H
| # include <unistd.h>
| #endif
| 	extern char *strerror_r ();
| int
| main ()
| {
| char buf[100];
| 	  char x = *strerror_r (0, buf, sizeof buf);
| 	  return ! isalpha (x);
|   ;
|   return 0;
| }
configure:12293: result: no
configure:12319: checking for library containing tgetent
configure:12350: gcc -o conftest.exe -g -O2   conftest.c  >&5
C:\Users\JN81PG2\AppData\Local\Temp\ccydELt8.o: In function `main':
d:\exercise\number_backup\sqlite_autoconf/conftest.c:36: undefined reference to `tgetent'
collect2.exe: error: ld returned 1 exit status
configure:12350: $? = 1
configure: failed program was:
| /* confdefs.h */
| #define PACKAGE_NAME "sqlite"
| #define PACKAGE_TARNAME "sqlite"
| #define PACKAGE_VERSION "3.8.4.3"
| #define PACKAGE_STRING "sqlite 3.8.4.3"
| #define PACKAGE_BUGREPORT "http://www.sqlite.org"
| #define PACKAGE_URL ""
| #define PACKAGE "sqlite"
| #define VERSION "3.8.4.3"
| #define _FILE_OFFSET_BITS 64
| #define STDC_HEADERS 1
| #define HAVE_SYS_TYPES_H 1
| #define HAVE_SYS_STAT_H 1
| #define HAVE_STDLIB_H 1
| #define HAVE_STRING_H 1
| #define HAVE_MEMORY_H 1
| #define HAVE_STRINGS_H 1
| #define HAVE_INTTYPES_H 1
| #define HAVE_STDINT_H 1
| #define HAVE_UNISTD_H 1
| #define LT_OBJDIR ".libs/"
| #define HAVE_USLEEP 1
| #define HAVE_DECL_STRERROR_R 0
| /* end confdefs.h.  */
| 
| /* Override any GCC internal prototype to avoid an error.
|    Use char because int might match the return type of a GCC
|    builtin and then its argument prototype would still apply.  */
| #ifdef __cplusplus
| extern "C"
| #endif
| char tgetent ();
| int
| main ()
| {
| return tgetent ();
|   ;
|   return 0;
| }
configure:12350: gcc -o conftest.exe -g -O2   conftest.c -lcurses   >&5
d:/exercise/number_backup/sqlite_autoconf/mingw/bin/../lib/gcc/x86_64-w64-mingw32/4.7.2/../../../../x86_64-w64-mingw32/bin/ld.exe: cannot find -lcurses
collect2.exe: error: ld returned 1 exit status
configure:12350: $? = 1
configure: failed program was:
| /* confdefs.h */
| #define PACKAGE_NAME "sqlite"
| #define PACKAGE_TARNAME "sqlite"
| #define PACKAGE_VERSION "3.8.4.3"
| #define PACKAGE_STRING "sqlite 3.8.4.3"
| #define PACKAGE_BUGREPORT "http://www.sqlite.org"
| #define PACKAGE_URL ""
| #define PACKAGE "sqlite"
| #define VERSION "3.8.4.3"
| #define _FILE_OFFSET_BITS 64
| #define STDC_HEADERS 1
| #define HAVE_SYS_TYPES_H 1
| #define HAVE_SYS_STAT_H 1
| #define HAVE_STDLIB_H 1
| #define HAVE_STRING_H 1
| #define HAVE_MEMORY_H 1
| #define HAVE_STRINGS_H 1
| #define HAVE_INTTYPES_H 1
| #define HAVE_STDINT_H 1
| #define HAVE_UNISTD_H 1
| #define LT_OBJDIR ".libs/"
| #define HAVE_USLEEP 1
| #define HAVE_DECL_STRERROR_R 0
| /* end confdefs.h.  */
| 
| /* Override any GCC internal prototype to avoid an error.
|    Use char because int might match the return type of a GCC
|    builtin and then its argument prototype would still apply.  */
| #ifdef __cplusplus
| extern "C"
| #endif
| char tgetent ();
| int
| main ()
| {
| return tgetent ();
|   ;
|   return 0;
| }
configure:12350: gcc -o conftest.exe -g -O2   conftest.c -lncurses   >&5
d:/exercise/number_backup/sqlite_autoconf/mingw/bin/../lib/gcc/x86_64-w64-mingw32/4.7.2/../../../../x86_64-w64-mingw32/bin/ld.exe: cannot find -lncurses
collect2.exe: error: ld returned 1 exit status
configure:12350: $? = 1
configure: failed program was:
| /* confdefs.h */
| #define PACKAGE_NAME "sqlite"
| #define PACKAGE_TARNAME "sqlite"
| #define PACKAGE_VERSION "3.8.4.3"
| #define PACKAGE_STRING "sqlite 3.8.4.3"
| #define PACKAGE_BUGREPORT "http://www.sqlite.org"
| #define PACKAGE_URL ""
| #define PACKAGE "sqlite"
| #define VERSION "3.8.4.3"
| #define _FILE_OFFSET_BITS 64
| #define STDC_HEADERS 1
| #define HAVE_SYS_TYPES_H 1
| #define HAVE_SYS_STAT_H 1
| #define HAVE_STDLIB_H 1
| #define HAVE_STRING_H 1
| #define HAVE_MEMORY_H 1
| #define HAVE_STRINGS_H 1
| #define HAVE_INTTYPES_H 1
| #define HAVE_STDINT_H 1
| #define HAVE_UNISTD_H 1
| #define LT_OBJDIR ".libs/"
| #define HAVE_USLEEP 1
| #define HAVE_DECL_STRERROR_R 0
| /* end confdefs.h.  */
| 
| /* Override any GCC internal prototype to avoid an error.
|    Use char because int might match the return type of a GCC
|    builtin and then its argument prototype would still apply.  */
| #ifdef __cplusplus
| extern "C"
| #endif
| char tgetent ();
| int
| main ()
| {
| return tgetent ();
|   ;
|   return 0;
| }
configure:12350: gcc -o conftest.exe -g -O2   conftest.c -lncursesw   >&5
d:/exercise/number_backup/sqlite_autoconf/mingw/bin/../lib/gcc/x86_64-w64-mingw32/4.7.2/../../../../x86_64-w64-mingw32/bin/ld.exe: cannot find -lncursesw
collect2.exe: error: ld returned 1 exit status
configure:12350: $? = 1
configure: failed program was:
| /* confdefs.h */
| #define PACKAGE_NAME "sqlite"
| #define PACKAGE_TARNAME "sqlite"
| #define PACKAGE_VERSION "3.8.4.3"
| #define PACKAGE_STRING "sqlite 3.8.4.3"
| #define PACKAGE_BUGREPORT "http://www.sqlite.org"
| #define PACKAGE_URL ""
| #define PACKAGE "sqlite"
| #define VERSION "3.8.4.3"
| #define _FILE_OFFSET_BITS 64
| #define STDC_HEADERS 1
| #define HAVE_SYS_TYPES_H 1
| #define HAVE_SYS_STAT_H 1
| #define HAVE_STDLIB_H 1
| #define HAVE_STRING_H 1
| #define HAVE_MEMORY_H 1
| #define HAVE_STRINGS_H 1
| #define HAVE_INTTYPES_H 1
| #define HAVE_STDINT_H 1
| #define HAVE_UNISTD_H 1
| #define LT_OBJDIR ".libs/"
| #define HAVE_USLEEP 1
| #define HAVE_DECL_STRERROR_R 0
| /* end confdefs.h.  */
| 
| /* Override any GCC internal prototype to avoid an error.
|    Use char because int might match the return type of a GCC
|    builtin and then its argument prototype would still apply.  */
| #ifdef __cplusplus
| extern "C"
| #endif
| char tgetent ();
| int
| main ()
| {
| return tgetent ();
|   ;
|   return 0;
| }
configure:12367: result: no
configure:12375: checking for library containing readline
configure:12406: gcc -o conftest.exe -g -O2   conftest.c  >&5
C:\Users\JN81PG2\AppData\Local\Temp\cci0Z5Gk.o: In function `main':
d:\exercise\number_backup\sqlite_autoconf/conftest.c:36: undefined reference to `readline'
collect2.exe: error: ld returned 1 exit status
configure:12406: $? = 1
configure: failed program was:
| /* confdefs.h */
| #define PACKAGE_NAME "sqlite"
| #define PACKAGE_TARNAME "sqlite"
| #define PACKAGE_VERSION "3.8.4.3"
| #define PACKAGE_STRING "sqlite 3.8.4.3"
| #define PACKAGE_BUGREPORT "http://www.sqlite.org"
| #define PACKAGE_URL ""
| #define PACKAGE "sqlite"
| #define VERSION "3.8.4.3"
| #define _FILE_OFFSET_BITS 64
| #define STDC_HEADERS 1
| #define HAVE_SYS_TYPES_H 1
| #define HAVE_SYS_STAT_H 1
| #define HAVE_STDLIB_H 1
| #define HAVE_STRING_H 1
| #define HAVE_MEMORY_H 1
| #define HAVE_STRINGS_H 1
| #define HAVE_INTTYPES_H 1
| #define HAVE_STDINT_H 1
| #define HAVE_UNISTD_H 1
| #define LT_OBJDIR ".libs/"
| #define HAVE_USLEEP 1
| #define HAVE_DECL_STRERROR_R 0
| /* end confdefs.h.  */
| 
| /* Override any GCC internal prototype to avoid an error.
|    Use char because int might match the return type of a GCC
|    builtin and then its argument prototype would still apply.  */
| #ifdef __cplusplus
| extern "C"
| #endif
| char readline ();
| int
| main ()
| {
| return readline ();
|   ;
|   return 0;
| }
configure:12406: gcc -o conftest.exe -g -O2   conftest.c -lreadline   >&5
d:/exercise/number_backup/sqlite_autoconf/mingw/bin/../lib/gcc/x86_64-w64-mingw32/4.7.2/../../../../x86_64-w64-mingw32/bin/ld.exe: cannot find -lreadline
collect2.exe: error: ld returned 1 exit status
configure:12406: $? = 1
configure: failed program was:
| /* confdefs.h */
| #define PACKAGE_NAME "sqlite"
| #define PACKAGE_TARNAME "sqlite"
| #define PACKAGE_VERSION "3.8.4.3"
| #define PACKAGE_STRING "sqlite 3.8.4.3"
| #define PACKAGE_BUGREPORT "http://www.sqlite.org"
| #define PACKAGE_URL ""
| #define PACKAGE "sqlite"
| #define VERSION "3.8.4.3"
| #define _FILE_OFFSET_BITS 64
| #define STDC_HEADERS 1
| #define HAVE_SYS_TYPES_H 1
| #define HAVE_SYS_STAT_H 1
| #define HAVE_STDLIB_H 1
| #define HAVE_STRING_H 1
| #define HAVE_MEMORY_H 1
| #define HAVE_STRINGS_H 1
| #define HAVE_INTTYPES_H 1
| #define HAVE_STDINT_H 1
| #define HAVE_UNISTD_H 1
| #define LT_OBJDIR ".libs/"
| #define HAVE_USLEEP 1
| #define HAVE_DECL_STRERROR_R 0
| /* end confdefs.h.  */
| 
| /* Override any GCC internal prototype to avoid an error.
|    Use char because int might match the return type of a GCC
|    builtin and then its argument prototype would still apply.  */
| #ifdef __cplusplus
| extern "C"
| #endif
| char readline ();
| int
| main ()
| {
| return readline ();
|   ;
|   return 0;
| }
configure:12423: result: no
configure:12435: checking for readline
configure:12435: gcc -o conftest.exe -g -O2   conftest.c  >&5
C:\Users\JN81PG2\AppData\Local\Temp\ccOvykst.o: In function `main':
d:\exercise\number_backup\sqlite_autoconf/conftest.c:59: undefined reference to `readline'
collect2.exe: error: ld returned 1 exit status
configure:12435: $? = 1
configure: failed program was:
| /* confdefs.h */
| #define PACKAGE_NAME "sqlite"
| #define PACKAGE_TARNAME "sqlite"
| #define PACKAGE_VERSION "3.8.4.3"
| #define PACKAGE_STRING "sqlite 3.8.4.3"
| #define PACKAGE_BUGREPORT "http://www.sqlite.org"
| #define PACKAGE_URL ""
| #define PACKAGE "sqlite"
| #define VERSION "3.8.4.3"
| #define _FILE_OFFSET_BITS 64
| #define STDC_HEADERS 1
| #define HAVE_SYS_TYPES_H 1
| #define HAVE_SYS_STAT_H 1
| #define HAVE_STDLIB_H 1
| #define HAVE_STRING_H 1
| #define HAVE_MEMORY_H 1
| #define HAVE_STRINGS_H 1
| #define HAVE_INTTYPES_H 1
| #define HAVE_STDINT_H 1
| #define HAVE_UNISTD_H 1
| #define LT_OBJDIR ".libs/"
| #define HAVE_USLEEP 1
| #define HAVE_DECL_STRERROR_R 0
| /* end confdefs.h.  */
| /* Define readline to an innocuous variant, in case <limits.h> declares readline.
|    For example, HP-UX 11i <limits.h> declares gettimeofday.  */
| #define readline innocuous_readline
| 
| /* System header to define __stub macros and hopefully few prototypes,
|     which can conflict with char readline (); below.
|     Prefer <limits.h> to <assert.h> if __STDC__ is defined, since
|     <limits.h> exists even on freestanding compilers.  */
| 
| #ifdef __STDC__
| # include <limits.h>
| #else
| # include <assert.h>
| #endif
| 
| #undef readline
| 
| /* Override any GCC internal prototype to avoid an error.
|    Use char because int might match the return type of a GCC
|    builtin and then its argument prototype would still apply.  */
| #ifdef __cplusplus
| extern "C"
| #endif
| char readline ();
| /* The GNU C library defines this for functions which it implements
|     to always fail with ENOSYS.  Some functions are actually named
|     something starting with __ and the normal name is an alias.  */
| #if defined __stub_readline || defined __stub___readline
| choke me
| #endif
| 
| int
| main ()
| {
| return readline ();
|   ;
|   return 0;
| }
configure:12435: result: no
configure:12463: checking for library containing pthread_create
configure:12494: gcc -o conftest.exe -g -O2   conftest.c  >&5
C:\Users\JN81PG2\AppData\Local\Temp\ccufrLi7.o: In function `main':
d:\exercise\number_backup\sqlite_autoconf/conftest.c:36: undefined reference to `pthread_create'
collect2.exe: error: ld returned 1 exit status
configure:12494: $? = 1
configure: failed program was:
| /* confdefs.h */
| #define PACKAGE_NAME "sqlite"
| #define PACKAGE_TARNAME "sqlite"
| #define PACKAGE_VERSION "3.8.4.3"
| #define PACKAGE_STRING "sqlite 3.8.4.3"
| #define PACKAGE_BUGREPORT "http://www.sqlite.org"
| #define PACKAGE_URL ""
| #define PACKAGE "sqlite"
| #define VERSION "3.8.4.3"
| #define _FILE_OFFSET_BITS 64
| #define STDC_HEADERS 1
| #define HAVE_SYS_TYPES_H 1
| #define HAVE_SYS_STAT_H 1
| #define HAVE_STDLIB_H 1
| #define HAVE_STRING_H 1
| #define HAVE_MEMORY_H 1
| #define HAVE_STRINGS_H 1
| #define HAVE_INTTYPES_H 1
| #define HAVE_STDINT_H 1
| #define HAVE_UNISTD_H 1
| #define LT_OBJDIR ".libs/"
| #define HAVE_USLEEP 1
| #define HAVE_DECL_STRERROR_R 0
| /* end confdefs.h.  */
| 
| /* Override any GCC internal prototype to avoid an error.
|    Use char because int might match the return type of a GCC
|    builtin and then its argument prototype would still apply.  */
| #ifdef __cplusplus
| extern "C"
| #endif
| char pthread_create ();
| int
| main ()
| {
| return pthread_create ();
|   ;
|   return 0;
| }
configure:12494: gcc -o conftest.exe -g -O2   conftest.c -lpthread   >&5
configure:12494: $? = 0
configure:12511: result: -lpthread
configure:12534: checking for library containing dlopen
configure:12565: gcc -o conftest.exe -g -O2   conftest.c -lpthread  >&5
C:\Users\JN81PG2\AppData\Local\Temp\cc8wQccZ.o: In function `main':
d:\exercise\number_backup\sqlite_autoconf/conftest.c:36: undefined reference to `dlopen'
collect2.exe: error: ld returned 1 exit status
configure:12565: $? = 1
configure: failed program was:
| /* confdefs.h */
| #define PACKAGE_NAME "sqlite"
| #define PACKAGE_TARNAME "sqlite"
| #define PACKAGE_VERSION "3.8.4.3"
| #define PACKAGE_STRING "sqlite 3.8.4.3"
| #define PACKAGE_BUGREPORT "http://www.sqlite.org"
| #define PACKAGE_URL ""
| #define PACKAGE "sqlite"
| #define VERSION "3.8.4.3"
| #define _FILE_OFFSET_BITS 64
| #define STDC_HEADERS 1
| #define HAVE_SYS_TYPES_H 1
| #define HAVE_SYS_STAT_H 1
| #define HAVE_STDLIB_H 1
| #define HAVE_STRING_H 1
| #define HAVE_MEMORY_H 1
| #define HAVE_STRINGS_H 1
| #define HAVE_INTTYPES_H 1
| #define HAVE_STDINT_H 1
| #define HAVE_UNISTD_H 1
| #define LT_OBJDIR ".libs/"
| #define HAVE_USLEEP 1
| #define HAVE_DECL_STRERROR_R 0
| /* end confdefs.h.  */
| 
| /* Override any GCC internal prototype to avoid an error.
|    Use char because int might match the return type of a GCC
|    builtin and then its argument prototype would still apply.  */
| #ifdef __cplusplus
| extern "C"
| #endif
| char dlopen ();
| int
| main ()
| {
| return dlopen ();
|   ;
|   return 0;
| }
configure:12565: gcc -o conftest.exe -g -O2   conftest.c -ldl  -lpthread  >&5
d:/exercise/number_backup/sqlite_autoconf/mingw/bin/../lib/gcc/x86_64-w64-mingw32/4.7.2/../../../../x86_64-w64-mingw32/bin/ld.exe: cannot find -ldl
collect2.exe: error: ld returned 1 exit status
configure:12565: $? = 1
configure: failed program was:
| /* confdefs.h */
| #define PACKAGE_NAME "sqlite"
| #define PACKAGE_TARNAME "sqlite"
| #define PACKAGE_VERSION "3.8.4.3"
| #define PACKAGE_STRING "sqlite 3.8.4.3"
| #define PACKAGE_BUGREPORT "http://www.sqlite.org"
| #define PACKAGE_URL ""
| #define PACKAGE "sqlite"
| #define VERSION "3.8.4.3"
| #define _FILE_OFFSET_BITS 64
| #define STDC_HEADERS 1
| #define HAVE_SYS_TYPES_H 1
| #define HAVE_SYS_STAT_H 1
| #define HAVE_STDLIB_H 1
| #define HAVE_STRING_H 1
| #define HAVE_MEMORY_H 1
| #define HAVE_STRINGS_H 1
| #define HAVE_INTTYPES_H 1
| #define HAVE_STDINT_H 1
| #define HAVE_UNISTD_H 1
| #define LT_OBJDIR ".libs/"
| #define HAVE_USLEEP 1
| #define HAVE_DECL_STRERROR_R 0
| /* end confdefs.h.  */
| 
| /* Override any GCC internal prototype to avoid an error.
|    Use char because int might match the return type of a GCC
|    builtin and then its argument prototype would still apply.  */
| #ifdef __cplusplus
| extern "C"
| #endif
| char dlopen ();
| int
| main ()
| {
| return dlopen ();
|   ;
|   return 0;
| }
configure:12582: result: no
configure:12593: checking for whether to support dynamic extensions
configure:12595: result: yes
configure:12602: checking for posix_fallocate
configure:12602: gcc -o conftest.exe -g -O2   conftest.c -lpthread  >&5
C:\Users\JN81PG2\AppData\Local\Temp\ccqmcZvg.o: In function `main':
d:\exercise\number_backup\sqlite_autoconf/conftest.c:59: undefined reference to `posix_fallocate'
collect2.exe: error: ld returned 1 exit status
configure:12602: $? = 1
configure: failed program was:
| /* confdefs.h */
| #define PACKAGE_NAME "sqlite"
| #define PACKAGE_TARNAME "sqlite"
| #define PACKAGE_VERSION "3.8.4.3"
| #define PACKAGE_STRING "sqlite 3.8.4.3"
| #define PACKAGE_BUGREPORT "http://www.sqlite.org"
| #define PACKAGE_URL ""
| #define PACKAGE "sqlite"
| #define VERSION "3.8.4.3"
| #define _FILE_OFFSET_BITS 64
| #define STDC_HEADERS 1
| #define HAVE_SYS_TYPES_H 1
| #define HAVE_SYS_STAT_H 1
| #define HAVE_STDLIB_H 1
| #define HAVE_STRING_H 1
| #define HAVE_MEMORY_H 1
| #define HAVE_STRINGS_H 1
| #define HAVE_INTTYPES_H 1
| #define HAVE_STDINT_H 1
| #define HAVE_UNISTD_H 1
| #define LT_OBJDIR ".libs/"
| #define HAVE_USLEEP 1
| #define HAVE_DECL_STRERROR_R 0
| /* end confdefs.h.  */
| /* Define posix_fallocate to an innocuous variant, in case <limits.h> declares posix_fallocate.
|    For example, HP-UX 11i <limits.h> declares gettimeofday.  */
| #define posix_fallocate innocuous_posix_fallocate
| 
| /* System header to define __stub macros and hopefully few prototypes,
|     which can conflict with char posix_fallocate (); below.
|     Prefer <limits.h> to <assert.h> if __STDC__ is defined, since
|     <limits.h> exists even on freestanding compilers.  */
| 
| #ifdef __STDC__
| # include <limits.h>
| #else
| # include <assert.h>
| #endif
| 
| #undef posix_fallocate
| 
| /* Override any GCC internal prototype to avoid an error.
|    Use char because int might match the return type of a GCC
|    builtin and then its argument prototype would still apply.  */
| #ifdef __cplusplus
| extern "C"
| #endif
| char posix_fallocate ();
| /* The GNU C library defines this for functions which it implements
|     to always fail with ENOSYS.  Some functions are actually named
|     something starting with __ and the normal name is an alias.  */
| #if defined __stub_posix_fallocate || defined __stub___posix_fallocate
| choke me
| #endif
| 
| int
| main ()
| {
| return posix_fallocate ();
|   ;
|   return 0;
| }
configure:12602: result: no
configure:12807: creating ./config.status

## ---------------------- ##
## Running config.status. ##
## ---------------------- ##

This file was extended by sqlite config.status 3.8.4.3, which was
generated by GNU Autoconf 2.69.  Invocation command line was

  CONFIG_FILES    = 
  CONFIG_HEADERS  = 
  CONFIG_LINKS    = 
  CONFIG_COMMANDS = 
  $ ./config.status 

on PG-UT2995C

config.status:1017: creating Makefile
config.status:1017: creating sqlite3.pc
config.status:1189: executing depfiles commands
config.status:1189: executing libtool commands

## ---------------- ##
## Cache variables. ##
## ---------------- ##

ac_cv_build=i686-pc-mingw32
ac_cv_c_compiler_gnu=yes
ac_cv_env_CC_set=
ac_cv_env_CC_value=
ac_cv_env_CFLAGS_set=
ac_cv_env_CFLAGS_value=
ac_cv_env_CPPFLAGS_set=
ac_cv_env_CPPFLAGS_value=
ac_cv_env_CPP_set=
ac_cv_env_CPP_value=
ac_cv_env_LDFLAGS_set=
ac_cv_env_LDFLAGS_value=
ac_cv_env_LIBS_set=
ac_cv_env_LIBS_value=
ac_cv_env_build_alias_set=
ac_cv_env_build_alias_value=
ac_cv_env_host_alias_set=
ac_cv_env_host_alias_value=
ac_cv_env_target_alias_set=
ac_cv_env_target_alias_value=
ac_cv_exeext=.exe
ac_cv_func_fdatasync=no
ac_cv_func_fullfsync=no
ac_cv_func_gmtime_r=no
ac_cv_func_localtime_r=no
ac_cv_func_posix_fallocate=no
ac_cv_func_readline=no
ac_cv_func_strerror_r=no
ac_cv_func_strerror_r_char_p=no
ac_cv_func_usleep=yes
ac_cv_have_decl_strerror_r=no
ac_cv_header_dlfcn_h=no
ac_cv_header_inttypes_h=yes
ac_cv_header_memory_h=yes
ac_cv_header_stdc=yes
ac_cv_header_stdint_h=yes
ac_cv_header_stdlib_h=yes
ac_cv_header_string_h=yes
ac_cv_header_strings_h=yes
ac_cv_header_sys_stat_h=yes
ac_cv_header_sys_types_h=yes
ac_cv_header_unistd_h=yes
ac_cv_host=i686-pc-mingw32
ac_cv_objext=o
ac_cv_path_EGREP='/bin/grep -E'
ac_cv_path_FGREP='/bin/grep -F'
ac_cv_path_GREP=/bin/grep
ac_cv_path_SED=/bin/sed
ac_cv_path_install='/bin/install -c'
ac_cv_path_mkdir=/bin/mkdir
ac_cv_prog_AWK=gawk
ac_cv_prog_CPP='gcc -E'
ac_cv_prog_ac_ct_AR=ar
ac_cv_prog_ac_ct_CC=gcc
ac_cv_prog_ac_ct_DLLTOOL=dlltool
ac_cv_prog_ac_ct_OBJDUMP=objdump
ac_cv_prog_ac_ct_RANLIB=ranlib
ac_cv_prog_ac_ct_STRIP=strip
ac_cv_prog_cc_c89=
ac_cv_prog_cc_g=yes
ac_cv_prog_make_make_set=yes
ac_cv_search_dlopen=no
ac_cv_search_pthread_create=-lpthread
ac_cv_search_readline=no
ac_cv_search_tgetent=no
ac_cv_sys_file_offset_bits=64
ac_cv_sys_largefile_CC=no
am_cv_CC_dependencies_compiler_type=gcc3
lt_cv_ar_at_file=@
lt_cv_archive_cmds_need_lc=yes
lt_cv_deplibs_check_method='file_magic ^x86 archive import|^x86 DLL'
lt_cv_file_magic_cmd=func_win32_libid
lt_cv_file_magic_test_file=
lt_cv_ld_reload_flag=-r
lt_cv_nm_interface='BSD nm'
lt_cv_objdir=.libs
lt_cv_path_LD=d:/exercise/number_backup/sqlite_autoconf/mingw/x86_64-w64-mingw32/bin/ld.exe
lt_cv_path_NM=/mingw/bin/nm
lt_cv_path_mainfest_tool=no
lt_cv_prog_compiler_c_o=yes
lt_cv_prog_compiler_pic='-DDLL_EXPORT -DPIC'
lt_cv_prog_compiler_pic_works=yes
lt_cv_prog_compiler_rtti_exceptions=no
lt_cv_prog_compiler_static_works=yes
lt_cv_prog_gnu_ld=yes
lt_cv_sharedlib_from_linklib_cmd=func_cygming_dll_for_implib
lt_cv_sys_global_symbol_pipe='sed -n -e '\''s/^.*[	 ]\([ABCDGIRSTW][ABCDGIRSTW]*\)[	 ][	 ]*\([_A-Za-z][_A-Za-z0-9]*\)\{0,1\}$/\1 \2 \2/p'\'' | sed '\''/ __gnu_lto/d'\'''
lt_cv_sys_global_symbol_to_c_name_address='sed -n -e '\''s/^: \([^ ]*\)[ ]*$/  {\"\1\", (void *) 0},/p'\'' -e '\''s/^[ABCDGIRSTW]* \([^ ]*\) \([^ ]*\)$/  {"\2", (void *) \&\2},/p'\'''
lt_cv_sys_global_symbol_to_c_name_address_lib_prefix='sed -n -e '\''s/^: \([^ ]*\)[ ]*$/  {\"\1\", (void *) 0},/p'\'' -e '\''s/^[ABCDGIRSTW]* \([^ ]*\) \(lib[^ ]*\)$/  {"\2", (void *) \&\2},/p'\'' -e '\''s/^[ABCDGIRSTW]* \([^ ]*\) \([^ ]*\)$/  {"lib\2", (void *) \&\2},/p'\'''
lt_cv_sys_global_symbol_to_cdecl='sed -n -e '\''s/^T .* \(.*\)$/extern int \1();/p'\'' -e '\''s/^[ABCDGIRSTW]* .* \(.*\)$/extern char \1;/p'\'''
lt_cv_sys_max_cmd_len=8192
lt_cv_to_host_file_cmd=func_convert_file_msys_to_w32
lt_cv_to_tool_file_cmd=func_convert_file_msys_to_w32

## ----------------- ##
## Output variables. ##
## ----------------- ##

ACLOCAL='${SHELL} /d/exercise/number_backup/sqlite_autoconf/missing --run aclocal-1.11'
AMDEPBACKSLASH='\'
AMDEP_FALSE='#'
AMDEP_TRUE=''
AMTAR='$${TAR-tar}'
AR='ar'
AUTOCONF='${SHELL} /d/exercise/number_backup/sqlite_autoconf/missing --run autoconf'
AUTOHEADER='${SHELL} /d/exercise/number_backup/sqlite_autoconf/missing --run autoheader'
AUTOMAKE='${SHELL} /d/exercise/number_backup/sqlite_autoconf/missing --run automake-1.11'
AWK='gawk'
BUILD_CFLAGS=''
CC='gcc'
CCDEPMODE='depmode=gcc3'
CFLAGS='-g -O2'
CPP='gcc -E'
CPPFLAGS=''
CYGPATH_W='echo'
DEFS='-DPACKAGE_NAME=\"sqlite\" -DPACKAGE_TARNAME=\"sqlite\" -DPACKAGE_VERSION=\"3.8.4.3\" -DPACKAGE_STRING=\"sqlite\ 3.8.4.3\" -DPACKAGE_BUGREPORT=\"http://www.sqlite.org\" -DPACKAGE_URL=\"\" -DPACKAGE=\"sqlite\" -DVERSION=\"3.8.4.3\" -D_FILE_OFFSET_BITS=64 -DSTDC_HEADERS=1 -DHAVE_SYS_TYPES_H=1 -DHAVE_SYS_STAT_H=1 -DHAVE_STDLIB_H=1 -DHAVE_STRING_H=1 -DHAVE_MEMORY_H=1 -DHAVE_STRINGS_H=1 -DHAVE_INTTYPES_H=1 -DHAVE_STDINT_H=1 -DHAVE_UNISTD_H=1 -DLT_OBJDIR=\".libs/\" -DHAVE_USLEEP=1 -DHAVE_DECL_STRERROR_R=0'
DEPDIR='.deps'
DLLTOOL='dlltool'
DSYMUTIL=''
DUMPBIN=''
DYNAMIC_EXTENSION_FLAGS=''
ECHO_C=''
ECHO_N='-n'
ECHO_T=''
EGREP='/bin/grep -E'
EXEEXT='.exe'
FGREP='/bin/grep -F'
GREP='/bin/grep'
INSTALL_DATA='${INSTALL} -m 644'
INSTALL_PROGRAM='${INSTALL}'
INSTALL_SCRIPT='${INSTALL}'
INSTALL_STRIP_PROGRAM='$(install_sh) -c -s'
LD='d:/exercise/number_backup/sqlite_autoconf/mingw/x86_64-w64-mingw32/bin/ld.exe'
LDFLAGS=''
LIBOBJS=''
LIBS='-lpthread '
LIBTOOL='$(SHELL) $(top_builddir)/libtool'
LIPO=''
LN_S='cp -pR'
LTLIBOBJS=''
MAKEINFO='${SHELL} /d/exercise/number_backup/sqlite_autoconf/missing --run makeinfo'
MANIFEST_TOOL=':'
MKDIR_P='/bin/mkdir -p'
NM='/mingw/bin/nm'
NMEDIT=''
OBJDUMP='objdump'
OBJEXT='o'
OTOOL64=''
OTOOL=''
PACKAGE='sqlite'
PACKAGE_BUGREPORT='http://www.sqlite.org'
PACKAGE_NAME='sqlite'
PACKAGE_STRING='sqlite 3.8.4.3'
PACKAGE_TARNAME='sqlite'
PACKAGE_URL=''
PACKAGE_VERSION='3.8.4.3'
PATH_SEPARATOR=':'
RANLIB='ranlib'
READLINE_LIBS=''
SED='/bin/sed'
SET_MAKE=''
SHELL='/bin/sh'
STRIP='strip'
THREADSAFE_FLAGS='-D_REENTRANT=1 -DSQLITE_THREADSAFE=1'
VERSION='3.8.4.3'
ac_ct_AR='ar'
ac_ct_CC='gcc'
ac_ct_DUMPBIN=''
am__EXEEXT_FALSE='#'
am__EXEEXT_TRUE=''
am__fastdepCC_FALSE='#'
am__fastdepCC_TRUE=''
am__include='include'
am__isrc=''
am__leading_dot='.'
am__nodep='_no'
am__quote=''
am__tar='$${TAR-tar} chof - "$$tardir"'
am__untar='$${TAR-tar} xf -'
bindir='${exec_prefix}/bin'
build='i686-pc-mingw32'
build_alias=''
build_cpu='i686'
build_os='mingw32'
build_vendor='pc'
datadir='${datarootdir}'
datarootdir='${prefix}/share'
docdir='${datarootdir}/doc/${PACKAGE_TARNAME}'
dvidir='${docdir}'
exec_prefix='${prefix}'
host='i686-pc-mingw32'
host_alias=''
host_cpu='i686'
host_os='mingw32'
host_vendor='pc'
htmldir='${docdir}'
includedir='${prefix}/include'
infodir='${datarootdir}/info'
install_sh='${SHELL} /d/exercise/number_backup/sqlite_autoconf/install-sh'
libdir='${exec_prefix}/lib'
libexecdir='${exec_prefix}/libexec'
localedir='${datarootdir}/locale'
localstatedir='${prefix}/var'
mandir='${datarootdir}/man'
mkdir_p='/bin/mkdir -p'
oldincludedir='/usr/include'
pdfdir='${docdir}'
prefix='/usr/local'
program_transform_name='s,x,x,'
psdir='${docdir}'
sbindir='${exec_prefix}/sbin'
sharedstatedir='${prefix}/com'
sysconfdir='${prefix}/etc'
target_alias=''

## ----------- ##
## confdefs.h. ##
## ----------- ##

/* confdefs.h */
#define PACKAGE_NAME "sqlite"
#define PACKAGE_TARNAME "sqlite"
#define PACKAGE_VERSION "3.8.4.3"
#define PACKAGE_STRING "sqlite 3.8.4.3"
#define PACKAGE_BUGREPORT "http://www.sqlite.org"
#define PACKAGE_URL ""
#define PACKAGE "sqlite"
#define VERSION "3.8.4.3"
#define _FILE_OFFSET_BITS 64
#define STDC_HEADERS 1
#define HAVE_SYS_TYPES_H 1
#define HAVE_SYS_STAT_H 1
#define HAVE_STDLIB_H 1
#define HAVE_STRING_H 1
#define HAVE_MEMORY_H 1
#define HAVE_STRINGS_H 1
#define HAVE_INTTYPES_H 1
#define HAVE_STDINT_H 1
#define HAVE_UNISTD_H 1
#define LT_OBJDIR ".libs/"
#define HAVE_USLEEP 1
#define HAVE_DECL_STRERROR_R 0

configure: exit 0
